2023-03-01 20:17:24,976 - root - INFO -
        OS                  :	Windows
        OS Version          :	10.0.22621
        Process Information :	Intel64 Family 6 Model 126 Stepping 5, GenuineIntel
        Process Architecture:	AMD64
        CPU Cores           :	8
        RAM Size            :	16(GB)
    
2023-03-01 20:17:24,982 - root - INFO -
        CPU 사용         :	3 코어
        프로그램 실행 주기:	5 초
    
2023-03-01 20:17:29,990 - root - INFO -멀티 프로세스가 시작됩니다.
2023-03-01 20:17:31,735 - root - INFO -멀티 프로세스가 종료되었습니다.
2023-03-01 20:17:31,735 - root - INFO ---- 1.7448625564575195 seconds ---
2023-03-01 20:17:36,743 - root - INFO -멀티 프로세스가 시작됩니다.
2023-03-01 20:17:38,499 - root - INFO -멀티 프로세스가 종료되었습니다.
2023-03-01 20:17:38,499 - root - INFO ---- 1.7472219467163086 seconds ---
2023-03-01 20:17:43,506 - root - INFO -멀티 프로세스가 시작됩니다.
2023-03-01 20:17:45,299 - root - INFO -멀티 프로세스가 종료되었습니다.
2023-03-01 20:17:45,299 - root - INFO ---- 1.7930152416229248 seconds ---
2023-03-01 20:17:50,303 - root - INFO -멀티 프로세스가 시작됩니다.
2023-03-01 20:17:52,012 - root - INFO -멀티 프로세스가 종료되었습니다.
2023-03-01 20:17:52,012 - root - INFO ---- 1.7090845108032227 seconds ---
